[ac.devfitness.in/admin/login.html]
[ac.devfitness.in/admin/css/bootstrap.min.css]
[backblue.gif]
[fade.gif]
[index.html]
[ac.devfitness.in/admin/css/all.css]
[ac.devfitness.in/admin/js/jquery-3.5.0.min.js]
[ac.devfitness.in/admin/js/bootstrap.min.js]
[cdn.jsdelivr.net/npm/popper.js@1.16.1/dist/umd/popper.min.js]
[code.jquery.com/jquery-3.5.1.slim.min.js]
[ac.devfitness.in/admin/login.html]
[ac.devfitness.in/admin/css/bootstrap.min.css]
[ac.devfitness.in/admin/css/style.html]
[stackpath.bootstrapcdn.com/bootstrap/4.5.1/js/bootstrap.min.js]
[cdn.jsdelivr.net/npm/bootstrap@5.1.1/dist/js/bootstrap.bundle.min.js]
[ac.devfitness.in/admin/css/all.css]
[ac.devfitness.in/admin/vendor/fontawesome-free/css/all.min.html]
[ac.devfitness.in/admin/css/sb-admin-2.min.html]
[ac.devfitness.in/admin/forgot-password.html]
[ac.devfitness.in/admin/register.html]
[ac.devfitness.in/admin/vendor/jquery/jquery.min.html]
[ac.devfitness.in/admin/vendor/bootstrap/js/bootstrap.bundle.min.html]
[ac.devfitness.in/admin/vendor/jquery-easing/jquery.easing.min.html]
[ac.devfitness.in/admin/js/sb-admin-2.min.html]
[ac.devfitness.in/admin/js/all.js]
[ac.devfitness.in/admin/webfonts/fa-brands-400.html]
[ac.devfitness.in/admin/webfonts/fa-brands-400d41d.html]
[ac.devfitness.in/admin/webfonts/fa-brands-401.html]
[ac.devfitness.in/admin/webfonts/fa-brands-402.html]
[ac.devfitness.in/admin/webfonts/fa-brands-403.html]
[ac.devfitness.in/admin/webfonts/fa-brands-404.html]
[ac.devfitness.in/admin/webfonts/fa-regular-400.html]
[ac.devfitness.in/admin/webfonts/fa-regular-400d41d.html]
[ac.devfitness.in/admin/webfonts/fa-regular-401.html]
[ac.devfitness.in/admin/webfonts/fa-regular-402.html]
[ac.devfitness.in/admin/webfonts/fa-regular-403.html]
[ac.devfitness.in/admin/webfonts/fa-regular-404.html]
[ac.devfitness.in/admin/webfonts/fa-solid-900.html]
[ac.devfitness.in/admin/webfonts/fa-solid-900d41d.html]
[ac.devfitness.in/admin/webfonts/fa-solid-901.html]
[ac.devfitness.in/admin/webfonts/fa-solid-902.html]
[ac.devfitness.in/admin/webfonts/fa-solid-903.html]
[ac.devfitness.in/admin/webfonts/fa-solid-904.html]
